[INFO ] 2015-01-15 15:40:46,870 [MSC service thread 1-8] Logback logging API implementation is configured.
[INFO ] 2015-01-15 16:33:02,127 [repositories/SYSTEM] GET statements
[INFO ] 2015-01-15 16:33:02,360 [default task-6] Request for query 3392903 is finished
[INFO ] 2015-01-15 16:33:11,910 [default task-29] Request for query 3392903 is finished
[INFO ] 2015-01-15 16:33:11,976 [repositories/SYSTEM] Request for query 3392903 is finished
[INFO ] 2015-01-15 16:33:12,147 [repositories/SYSTEM] GET statements
[INFO ] 2015-01-15 16:33:50,561 [MSC service thread 1-4] Logback logging API implementation is configured.
[INFO ] 2015-01-15 16:33:53,364 [default task-40] Request for query 3392903 is finished
[INFO ] 2015-01-15 16:33:53,542 [repositories/SYSTEM] Request for query 3392903 is finished
[INFO ] 2015-01-15 16:33:53,658 [repositories/SYSTEM] GET statements
[INFO ] 2015-01-15 16:33:58,205 [repositories/SYSTEM] GET statements
[INFO ] 2015-01-15 16:33:58,243 [default task-49] Request for query 3392903 is finished
[INFO ] 2015-01-15 16:34:02,260 [default task-54] Request for query 3392903 is finished
[INFO ] 2015-01-15 17:26:58,546 [default task-31] Request for query 3392903 is finished
[INFO ] 2015-01-15 17:27:37,083 [repositories/SYSTEM] GET statements
[INFO ] 2015-01-15 17:27:37,158 [repositories/SYSTEM] GET statements
[INFO ] 2015-01-15 17:27:37,175 [repositories/SYSTEM] POST transaction to repository
[INFO ] 2015-01-15 17:27:37,204 [repositories/SYSTEM] GET statements
[INFO ] 2015-01-15 17:27:37,208 [default task-45] Request for query 3392903 is finished
[INFO ] 2015-01-15 17:27:37,364 [repositories/books] Request for query 3392903 is finished
[INFO ] 2015-01-15 17:27:37,519 [repositories/SYSTEM] GET statements
[INFO ] 2015-01-15 17:28:29,138 [repositories/books] Request for query 3392903 is finished
[INFO ] 2015-01-15 17:28:29,282 [repositories/SYSTEM] GET statements
[INFO ] 2015-01-15 17:28:35,437 [repositories/SYSTEM] GET statements
[INFO ] 2015-01-15 17:29:10,178 [repositories/books] POST data to repository
[WARN ] 2015-01-15 17:29:10,203 [repositories/books] http://javax.xml.XMLConstants/feature/secure-processing is not a recognized SAX feature. (-1, -1)
[ERROR] 2015-01-15 17:29:10,205 [repositories/books] [Rio fatal] Content is not allowed in prolog. (1, 1)
[INFO ] 2015-01-15 17:29:10,208 [repositories/books] Client sent bad request (400): MALFORMED DATA: Content is not allowed in prolog. [line 1, column 1]
[WARN ] 2015-01-15 17:29:10,218 [repositories/books] Rolling back transaction due to connection close
java.lang.Throwable: null
	at org.openrdf.sail.helpers.SailConnectionBase.close(SailConnectionBase.java:245)
	at org.openrdf.sail.helpers.SailConnectionWrapper.close(SailConnectionWrapper.java:88)
	at org.openrdf.repository.sail.SailRepositoryConnection.close(SailRepositoryConnection.java:129)
	at org.openrdf.http.server.repository.RepositoryInterceptor.cleanUpResources(RepositoryInterceptor.java:157)
	at org.openrdf.http.server.ServerInterceptor.afterCompletion(ServerInterceptor.java:55)
	at org.openrdf.http.server.ServerInterceptor$$FastClassByCGLIB$$966e62ef.invoke(<generated>)
	at net.sf.cglib.proxy.MethodProxy.invoke(MethodProxy.java:191)
	at org.springframework.aop.framework.Cglib2AopProxy$CglibMethodInvocation.invokeJoinpoint(Cglib2AopProxy.java:700)
	at org.springframework.aop.framework.ReflectiveMethodInvocation.proceed(ReflectiveMethodInvocation.java:149)
	at org.springframework.aop.support.DelegatingIntroductionInterceptor.doProceed(DelegatingIntroductionInterceptor.java:131)
	at org.springframework.aop.support.DelegatingIntroductionInterceptor.invoke(DelegatingIntroductionInterceptor.java:119)
	at org.springframework.aop.framework.ReflectiveMethodInvocation.proceed(ReflectiveMethodInvocation.java:171)
	at org.springframework.aop.framework.Cglib2AopProxy$DynamicAdvisedInterceptor.intercept(Cglib2AopProxy.java:635)
	at org.openrdf.http.server.repository.RepositoryInterceptor$$EnhancerByCGLIB$$2dff3b1c.afterCompletion(<generated>)
	at org.springframework.web.servlet.DispatcherServlet.triggerAfterCompletion(DispatcherServlet.java:1244)
	at org.springframework.web.servlet.DispatcherServlet.doDispatch(DispatcherServlet.java:915)
	at org.springframework.web.servlet.DispatcherServlet.doService(DispatcherServlet.java:807)
	at org.springframework.web.servlet.FrameworkServlet.processRequest(FrameworkServlet.java:571)
	at org.springframework.web.servlet.FrameworkServlet.doPost(FrameworkServlet.java:511)
	at javax.servlet.http.HttpServlet.service(HttpServlet.java:707)
	at javax.servlet.http.HttpServlet.service(HttpServlet.java:790)
	at io.undertow.servlet.handlers.ServletHandler.handleRequest(ServletHandler.java:85)
	at io.undertow.servlet.handlers.security.ServletSecurityRoleHandler.handleRequest(ServletSecurityRoleHandler.java:61)
	at io.undertow.servlet.handlers.ServletDispatchingHandler.handleRequest(ServletDispatchingHandler.java:36)
	at org.wildfly.extension.undertow.security.SecurityContextAssociationHandler.handleRequest(SecurityContextAssociationHandler.java:78)
	at io.undertow.server.handlers.PredicateHandler.handleRequest(PredicateHandler.java:25)
	at io.undertow.servlet.handlers.security.SSLInformationAssociationHandler.handleRequest(SSLInformationAssociationHandler.java:113)
	at io.undertow.servlet.handlers.security.ServletAuthenticationCallHandler.handleRequest(ServletAuthenticationCallHandler.java:56)
	at io.undertow.server.handlers.PredicateHandler.handleRequest(PredicateHandler.java:25)
	at io.undertow.security.handlers.AbstractConfidentialityHandler.handleRequest(AbstractConfidentialityHandler.java:45)
	at io.undertow.servlet.handlers.security.ServletConfidentialityConstraintHandler.handleRequest(ServletConfidentialityConstraintHandler.java:61)
	at io.undertow.security.handlers.AuthenticationMechanismsHandler.handleRequest(AuthenticationMechanismsHandler.java:58)
	at io.undertow.servlet.handlers.security.CachedAuthenticatedSessionHandler.handleRequest(CachedAuthenticatedSessionHandler.java:70)
	at io.undertow.security.handlers.SecurityInitialHandler.handleRequest(SecurityInitialHandler.java:76)
	at io.undertow.server.handlers.PredicateHandler.handleRequest(PredicateHandler.java:25)
	at org.wildfly.extension.undertow.security.jacc.JACCContextIdHandler.handleRequest(JACCContextIdHandler.java:61)
	at io.undertow.server.handlers.PredicateHandler.handleRequest(PredicateHandler.java:25)
	at io.undertow.server.handlers.PredicateHandler.handleRequest(PredicateHandler.java:25)
	at io.undertow.servlet.handlers.ServletInitialHandler.handleFirstRequest(ServletInitialHandler.java:240)
	at io.undertow.servlet.handlers.ServletInitialHandler.dispatchRequest(ServletInitialHandler.java:227)
	at io.undertow.servlet.handlers.ServletInitialHandler.access$000(ServletInitialHandler.java:73)
	at io.undertow.servlet.handlers.ServletInitialHandler$1.handleRequest(ServletInitialHandler.java:146)
	at io.undertow.server.Connectors.executeRootHandler(Connectors.java:177)
	at io.undertow.server.HttpServerExchange$1.run(HttpServerExchange.java:727)
	at java.util.concurrent.ThreadPoolExecutor.runWorker(ThreadPoolExecutor.java:1142)
	at java.util.concurrent.ThreadPoolExecutor$Worker.run(ThreadPoolExecutor.java:617)
	at java.lang.Thread.run(Thread.java:745)
[INFO ] 2015-01-15 17:29:10,385 [repositories/SYSTEM] GET statements
[INFO ] 2015-01-15 17:29:25,561 [repositories/books] GET statements
[INFO ] 2015-01-15 17:29:25,865 [repositories/SYSTEM] GET statements
[INFO ] 2015-01-15 17:29:27,845 [repositories/SYSTEM] GET statements
[INFO ] 2015-01-15 17:29:28,888 [repositories/SYSTEM] GET statements
[INFO ] 2015-01-15 17:29:28,922 [repositories/books] GET namespace list
[INFO ] 2015-01-15 17:29:28,923 [repositories/books] Request for query 3392903 is finished
[INFO ] 2015-01-15 17:29:36,910 [repositories/books] POST SPARQL update request to repository
[INFO ] 2015-01-15 17:29:37,011 [repositories/books] Request for query 3392903 is finished
[INFO ] 2015-01-15 17:29:37,171 [repositories/SYSTEM] GET statements
[INFO ] 2015-01-15 17:29:42,450 [repositories/books] Request for query 3392903 is finished
[INFO ] 2015-01-15 17:29:42,595 [repositories/SYSTEM] GET statements
[INFO ] 2015-01-15 17:29:48,470 [repositories/books] GET namespace list
[INFO ] 2015-01-15 17:29:48,471 [repositories/books] Request for query 3392903 is finished
[INFO ] 2015-01-15 17:29:48,649 [repositories/SYSTEM] GET statements
[INFO ] 2015-01-15 17:29:59,730 [repositories/books] GET namespace list
[INFO ] 2015-01-15 17:29:59,731 [repositories/books] Request for query 3392903 is finished
[INFO ] 2015-01-15 17:29:59,738 [repositories/books] POST query -1598642565
[INFO ] 2015-01-15 17:29:59,757 [repositories/books] Request for query -1598642565 is finished
[INFO ] 2015-01-15 17:30:00,060 [repositories/SYSTEM] GET statements
[INFO ] 2015-01-15 17:30:02,329 [repositories/books] GET namespace list
[INFO ] 2015-01-15 17:30:02,330 [repositories/books] Request for query 3392903 is finished
[INFO ] 2015-01-15 17:30:02,497 [repositories/SYSTEM] GET statements
[INFO ] 2015-01-15 17:30:03,780 [repositories/books] GET namespace list
[INFO ] 2015-01-15 17:30:03,781 [repositories/books] Request for query 3392903 is finished
[INFO ] 2015-01-15 17:30:03,925 [repositories/SYSTEM] GET statements
[INFO ] 2015-01-15 17:30:03,962 [repositories/books] GET namespace list
[INFO ] 2015-01-15 17:30:03,962 [repositories/books] Request for query 3392903 is finished
[INFO ] 2015-01-15 17:30:12,607 [repositories/books] GET statements
[INFO ] 2015-01-15 17:30:12,774 [repositories/SYSTEM] GET statements
[INFO ] 2015-01-15 17:30:14,037 [repositories/books] GET namespace list
[INFO ] 2015-01-15 17:30:14,038 [repositories/books] Request for query 3392903 is finished
[INFO ] 2015-01-15 17:30:14,042 [repositories/books] GET statements
[INFO ] 2015-01-15 17:30:14,248 [repositories/SYSTEM] GET statements
[INFO ] 2015-01-15 17:30:30,011 [repositories/SYSTEM] GET statements
[INFO ] 2015-01-15 17:30:33,133 [default task-10] Request for query 3392903 is finished
[INFO ] 2015-01-15 17:30:34,892 [repositories/books] Request for query 3392903 is finished
[INFO ] 2015-01-15 17:30:35,023 [repositories/SYSTEM] GET statements
[INFO ] 2015-01-15 17:30:38,987 [repositories/books] Request for query 3392903 is finished
[INFO ] 2015-01-15 17:30:39,145 [repositories/SYSTEM] GET statements
[INFO ] 2015-01-15 17:30:45,812 [repositories/books] GET query 3392903
[INFO ] 2015-01-15 17:30:45,812 [repositories/books] Client sent bad request (400): Missing parameter: query
[INFO ] 2015-01-15 17:31:40,987 [repositories/books] Request for query 3392903 is finished
[INFO ] 2015-01-15 17:31:41,125 [repositories/SYSTEM] GET statements
[INFO ] 2015-01-15 17:31:42,264 [repositories/books] GET namespace list
[INFO ] 2015-01-15 17:31:42,265 [repositories/books] Request for query 3392903 is finished
[INFO ] 2015-01-15 17:31:42,410 [repositories/SYSTEM] GET statements
[INFO ] 2015-01-15 17:32:20,043 [repositories/books] POST transaction to repository
[INFO ] 2015-01-15 17:32:20,063 [repositories/books] GET namespace list
[INFO ] 2015-01-15 17:32:20,063 [repositories/books] Request for query 3392903 is finished
[INFO ] 2015-01-15 17:32:20,230 [repositories/SYSTEM] GET statements
[INFO ] 2015-01-15 17:32:29,128 [repositories/books] POST transaction to repository
[INFO ] 2015-01-15 17:32:29,150 [repositories/books] GET namespace list
[INFO ] 2015-01-15 17:32:29,151 [repositories/books] Request for query 3392903 is finished
[INFO ] 2015-01-15 17:32:29,422 [repositories/SYSTEM] GET statements
[INFO ] 2015-01-15 17:32:39,094 [repositories/books] POST transaction to repository
[INFO ] 2015-01-15 17:32:39,108 [repositories/books] GET namespace list
[INFO ] 2015-01-15 17:32:39,109 [repositories/books] Request for query 3392903 is finished
[INFO ] 2015-01-15 17:32:39,246 [repositories/SYSTEM] GET statements
[INFO ] 2015-01-15 17:32:44,249 [repositories/books] GET namespace list
[INFO ] 2015-01-15 17:32:44,250 [repositories/books] Request for query 3392903 is finished
[INFO ] 2015-01-15 17:32:44,253 [repositories/books] Request for query 3392903 is finished
[INFO ] 2015-01-15 17:32:44,419 [repositories/SYSTEM] GET statements
[INFO ] 2015-01-15 17:32:49,665 [repositories/books] GET namespace list
[INFO ] 2015-01-15 17:32:49,667 [repositories/books] Request for query 3392903 is finished
[INFO ] 2015-01-15 17:32:49,669 [repositories/books] POST query -1598642565
[INFO ] 2015-01-15 17:32:49,674 [repositories/books] Request for query -1598642565 is finished
[INFO ] 2015-01-15 17:32:49,873 [repositories/SYSTEM] GET statements
[INFO ] 2015-01-15 17:32:53,263 [repositories/SYSTEM] GET statements
[INFO ] 2015-01-15 17:32:53,309 [repositories/books] GET namespace list
[INFO ] 2015-01-15 17:32:53,311 [repositories/books] Request for query 3392903 is finished
[INFO ] 2015-01-15 17:32:56,663 [repositories/SYSTEM] GET statements
[INFO ] 2015-01-15 17:32:57,703 [repositories/SYSTEM] GET statements
[INFO ] 2015-01-15 17:32:57,746 [repositories/books] GET namespace list
[INFO ] 2015-01-15 17:32:57,746 [repositories/books] Request for query 3392903 is finished
[INFO ] 2015-01-15 17:33:39,273 [repositories/books] POST SPARQL update request to repository
[WARN ] 2015-01-15 17:33:39,276 [repositories/books] exception during update execution: 
org.openrdf.sail.SailException: org.openrdf.rio.RDFParseException: Namespace prefix 'abc' used but not defined [line 7]
	at org.openrdf.repository.sail.helpers.SailUpdateExecutor.executeInsertData(SailUpdateExecutor.java:377)
	at org.openrdf.repository.sail.helpers.SailUpdateExecutor.executeUpdate(SailUpdateExecutor.java:134)
	at org.openrdf.repository.sail.SailUpdate.execute(SailUpdate.java:91)
	at org.openrdf.http.server.repository.statements.StatementsController.getSparqlUpdateResult(StatementsController.java:271)
	at org.openrdf.http.server.repository.statements.StatementsController.handleRequestInternal(StatementsController.java:126)
	at org.springframework.web.servlet.mvc.AbstractController.handleRequest(AbstractController.java:153)
	at org.springframework.web.servlet.mvc.SimpleControllerHandlerAdapter.handle(SimpleControllerHandlerAdapter.java:48)
	at org.springframework.web.servlet.DispatcherServlet.doDispatch(DispatcherServlet.java:875)
	at org.springframework.web.servlet.DispatcherServlet.doService(DispatcherServlet.java:807)
	at org.springframework.web.servlet.FrameworkServlet.processRequest(FrameworkServlet.java:571)
	at org.springframework.web.servlet.FrameworkServlet.doPost(FrameworkServlet.java:511)
	at javax.servlet.http.HttpServlet.service(HttpServlet.java:707)
	at javax.servlet.http.HttpServlet.service(HttpServlet.java:790)
	at io.undertow.servlet.handlers.ServletHandler.handleRequest(ServletHandler.java:85)
	at io.undertow.servlet.handlers.security.ServletSecurityRoleHandler.handleRequest(ServletSecurityRoleHandler.java:61)
	at io.undertow.servlet.handlers.ServletDispatchingHandler.handleRequest(ServletDispatchingHandler.java:36)
	at org.wildfly.extension.undertow.security.SecurityContextAssociationHandler.handleRequest(SecurityContextAssociationHandler.java:78)
	at io.undertow.server.handlers.PredicateHandler.handleRequest(PredicateHandler.java:25)
	at io.undertow.servlet.handlers.security.SSLInformationAssociationHandler.handleRequest(SSLInformationAssociationHandler.java:113)
	at io.undertow.servlet.handlers.security.ServletAuthenticationCallHandler.handleRequest(ServletAuthenticationCallHandler.java:56)
	at io.undertow.server.handlers.PredicateHandler.handleRequest(PredicateHandler.java:25)
	at io.undertow.security.handlers.AbstractConfidentialityHandler.handleRequest(AbstractConfidentialityHandler.java:45)
	at io.undertow.servlet.handlers.security.ServletConfidentialityConstraintHandler.handleRequest(ServletConfidentialityConstraintHandler.java:61)
	at io.undertow.security.handlers.AuthenticationMechanismsHandler.handleRequest(AuthenticationMechanismsHandler.java:58)
	at io.undertow.servlet.handlers.security.CachedAuthenticatedSessionHandler.handleRequest(CachedAuthenticatedSessionHandler.java:70)
	at io.undertow.security.handlers.SecurityInitialHandler.handleRequest(SecurityInitialHandler.java:76)
	at io.undertow.server.handlers.PredicateHandler.handleRequest(PredicateHandler.java:25)
	at org.wildfly.extension.undertow.security.jacc.JACCContextIdHandler.handleRequest(JACCContextIdHandler.java:61)
	at io.undertow.server.handlers.PredicateHandler.handleRequest(PredicateHandler.java:25)
	at io.undertow.server.handlers.PredicateHandler.handleRequest(PredicateHandler.java:25)
	at io.undertow.servlet.handlers.ServletInitialHandler.handleFirstRequest(ServletInitialHandler.java:240)
	at io.undertow.servlet.handlers.ServletInitialHandler.dispatchRequest(ServletInitialHandler.java:227)
	at io.undertow.servlet.handlers.ServletInitialHandler.access$000(ServletInitialHandler.java:73)
	at io.undertow.servlet.handlers.ServletInitialHandler$1.handleRequest(ServletInitialHandler.java:146)
	at io.undertow.server.Connectors.executeRootHandler(Connectors.java:177)
	at io.undertow.server.HttpServerExchange$1.run(HttpServerExchange.java:727)
	at java.util.concurrent.ThreadPoolExecutor.runWorker(ThreadPoolExecutor.java:1142)
	at java.util.concurrent.ThreadPoolExecutor$Worker.run(ThreadPoolExecutor.java:617)
	at java.lang.Thread.run(Thread.java:745)
Caused by: org.openrdf.rio.RDFParseException: Namespace prefix 'abc' used but not defined [line 7]
	at org.openrdf.rio.helpers.RDFParserHelper.reportFatalError(RDFParserHelper.java:441)
	at org.openrdf.rio.helpers.RDFParserBase.reportFatalError(RDFParserBase.java:671)
	at org.openrdf.rio.turtle.TurtleParser.reportFatalError(TurtleParser.java:1306)
	at org.openrdf.rio.helpers.RDFParserBase.getNamespace(RDFParserBase.java:356)
	at org.openrdf.rio.turtle.TurtleParser.parseQNameOrBoolean(TurtleParser.java:1037)
	at org.openrdf.rio.turtle.TurtleParser.parseValue(TurtleParser.java:618)
	at org.openrdf.rio.turtle.TurtleParser.parseSubject(TurtleParser.java:449)
	at org.openrdf.rio.turtle.TurtleParser.parseTriples(TurtleParser.java:383)
	at org.openrdf.repository.sail.helpers.SPARQLUpdateDataBlockParser.parseGraph(SPARQLUpdateDataBlockParser.java:166)
	at org.openrdf.rio.trig.TriGParser.parseStatement(TriGParser.java:119)
	at org.openrdf.rio.turtle.TurtleParser.parse(TurtleParser.java:216)
	at org.openrdf.rio.turtle.TurtleParser.parse(TurtleParser.java:159)
	at org.openrdf.repository.sail.helpers.SailUpdateExecutor.executeInsertData(SailUpdateExecutor.java:374)
	... 38 common frames omitted
[ERROR] 2015-01-15 17:33:39,277 [repositories/books] Error while handling request (500): org.openrdf.query.UpdateExecutionException: org.openrdf.sail.SailException: org.openrdf.rio.RDFParseException: Namespace prefix 'abc' used but not defined [line 7]
[WARN ] 2015-01-15 17:33:39,285 [repositories/books] Rolling back transaction due to connection close
java.lang.Throwable: null
	at org.openrdf.sail.helpers.SailConnectionBase.close(SailConnectionBase.java:245)
	at org.openrdf.sail.helpers.SailConnectionWrapper.close(SailConnectionWrapper.java:88)
	at org.openrdf.repository.sail.SailRepositoryConnection.close(SailRepositoryConnection.java:129)
	at org.openrdf.http.server.repository.RepositoryInterceptor.cleanUpResources(RepositoryInterceptor.java:157)
	at org.openrdf.http.server.ServerInterceptor.afterCompletion(ServerInterceptor.java:55)
	at org.openrdf.http.server.ServerInterceptor$$FastClassByCGLIB$$966e62ef.invoke(<generated>)
	at net.sf.cglib.proxy.MethodProxy.invoke(MethodProxy.java:191)
	at org.springframework.aop.framework.Cglib2AopProxy$CglibMethodInvocation.invokeJoinpoint(Cglib2AopProxy.java:700)
	at org.springframework.aop.framework.ReflectiveMethodInvocation.proceed(ReflectiveMethodInvocation.java:149)
	at org.springframework.aop.support.DelegatingIntroductionInterceptor.doProceed(DelegatingIntroductionInterceptor.java:131)
	at org.springframework.aop.support.DelegatingIntroductionInterceptor.invoke(DelegatingIntroductionInterceptor.java:119)
	at org.springframework.aop.framework.ReflectiveMethodInvocation.proceed(ReflectiveMethodInvocation.java:171)
	at org.springframework.aop.framework.Cglib2AopProxy$DynamicAdvisedInterceptor.intercept(Cglib2AopProxy.java:635)
	at org.openrdf.http.server.repository.RepositoryInterceptor$$EnhancerByCGLIB$$2dff3b1c.afterCompletion(<generated>)
	at org.springframework.web.servlet.DispatcherServlet.triggerAfterCompletion(DispatcherServlet.java:1244)
	at org.springframework.web.servlet.DispatcherServlet.doDispatch(DispatcherServlet.java:915)
	at org.springframework.web.servlet.DispatcherServlet.doService(DispatcherServlet.java:807)
	at org.springframework.web.servlet.FrameworkServlet.processRequest(FrameworkServlet.java:571)
	at org.springframework.web.servlet.FrameworkServlet.doPost(FrameworkServlet.java:511)
	at javax.servlet.http.HttpServlet.service(HttpServlet.java:707)
	at javax.servlet.http.HttpServlet.service(HttpServlet.java:790)
	at io.undertow.servlet.handlers.ServletHandler.handleRequest(ServletHandler.java:85)
	at io.undertow.servlet.handlers.security.ServletSecurityRoleHandler.handleRequest(ServletSecurityRoleHandler.java:61)
	at io.undertow.servlet.handlers.ServletDispatchingHandler.handleRequest(ServletDispatchingHandler.java:36)
	at org.wildfly.extension.undertow.security.SecurityContextAssociationHandler.handleRequest(SecurityContextAssociationHandler.java:78)
	at io.undertow.server.handlers.PredicateHandler.handleRequest(PredicateHandler.java:25)
	at io.undertow.servlet.handlers.security.SSLInformationAssociationHandler.handleRequest(SSLInformationAssociationHandler.java:113)
	at io.undertow.servlet.handlers.security.ServletAuthenticationCallHandler.handleRequest(ServletAuthenticationCallHandler.java:56)
	at io.undertow.server.handlers.PredicateHandler.handleRequest(PredicateHandler.java:25)
	at io.undertow.security.handlers.AbstractConfidentialityHandler.handleRequest(AbstractConfidentialityHandler.java:45)
	at io.undertow.servlet.handlers.security.ServletConfidentialityConstraintHandler.handleRequest(ServletConfidentialityConstraintHandler.java:61)
	at io.undertow.security.handlers.AuthenticationMechanismsHandler.handleRequest(AuthenticationMechanismsHandler.java:58)
	at io.undertow.servlet.handlers.security.CachedAuthenticatedSessionHandler.handleRequest(CachedAuthenticatedSessionHandler.java:70)
	at io.undertow.security.handlers.SecurityInitialHandler.handleRequest(SecurityInitialHandler.java:76)
	at io.undertow.server.handlers.PredicateHandler.handleRequest(PredicateHandler.java:25)
	at org.wildfly.extension.undertow.security.jacc.JACCContextIdHandler.handleRequest(JACCContextIdHandler.java:61)
	at io.undertow.server.handlers.PredicateHandler.handleRequest(PredicateHandler.java:25)
	at io.undertow.server.handlers.PredicateHandler.handleRequest(PredicateHandler.java:25)
	at io.undertow.servlet.handlers.ServletInitialHandler.handleFirstRequest(ServletInitialHandler.java:240)
	at io.undertow.servlet.handlers.ServletInitialHandler.dispatchRequest(ServletInitialHandler.java:227)
	at io.undertow.servlet.handlers.ServletInitialHandler.access$000(ServletInitialHandler.java:73)
	at io.undertow.servlet.handlers.ServletInitialHandler$1.handleRequest(ServletInitialHandler.java:146)
	at io.undertow.server.Connectors.executeRootHandler(Connectors.java:177)
	at io.undertow.server.HttpServerExchange$1.run(HttpServerExchange.java:727)
	at java.util.concurrent.ThreadPoolExecutor.runWorker(ThreadPoolExecutor.java:1142)
	at java.util.concurrent.ThreadPoolExecutor$Worker.run(ThreadPoolExecutor.java:617)
	at java.lang.Thread.run(Thread.java:745)
[INFO ] 2015-01-15 17:33:39,438 [repositories/SYSTEM] GET statements
[INFO ] 2015-01-15 17:33:39,486 [repositories/books] GET namespace list
[INFO ] 2015-01-15 17:33:39,487 [repositories/books] Request for query 3392903 is finished
[INFO ] 2015-01-15 17:33:52,915 [repositories/books] GET namespace list
[INFO ] 2015-01-15 17:33:52,916 [repositories/books] Request for query 3392903 is finished
[INFO ] 2015-01-15 17:33:53,372 [repositories/SYSTEM] GET statements
[INFO ] 2015-01-15 17:34:06,510 [repositories/SYSTEM] GET statements
[INFO ] 2015-01-15 17:34:06,558 [repositories/books] GET namespace list
[INFO ] 2015-01-15 17:34:06,559 [repositories/books] Request for query 3392903 is finished
[INFO ] 2015-01-15 17:34:10,015 [repositories/books] POST SPARQL update request to repository
[WARN ] 2015-01-15 17:34:10,016 [repositories/books] exception during update execution: 
org.openrdf.sail.SailException: org.openrdf.rio.RDFParseException: Namespace prefix 'abc' used but not defined [line 7]
	at org.openrdf.repository.sail.helpers.SailUpdateExecutor.executeInsertData(SailUpdateExecutor.java:377)
	at org.openrdf.repository.sail.helpers.SailUpdateExecutor.executeUpdate(SailUpdateExecutor.java:134)
	at org.openrdf.repository.sail.SailUpdate.execute(SailUpdate.java:91)
	at org.openrdf.http.server.repository.statements.StatementsController.getSparqlUpdateResult(StatementsController.java:271)
	at org.openrdf.http.server.repository.statements.StatementsController.handleRequestInternal(StatementsController.java:126)
	at org.springframework.web.servlet.mvc.AbstractController.handleRequest(AbstractController.java:153)
	at org.springframework.web.servlet.mvc.SimpleControllerHandlerAdapter.handle(SimpleControllerHandlerAdapter.java:48)
	at org.springframework.web.servlet.DispatcherServlet.doDispatch(DispatcherServlet.java:875)
	at org.springframework.web.servlet.DispatcherServlet.doService(DispatcherServlet.java:807)
	at org.springframework.web.servlet.FrameworkServlet.processRequest(FrameworkServlet.java:571)
	at org.springframework.web.servlet.FrameworkServlet.doPost(FrameworkServlet.java:511)
	at javax.servlet.http.HttpServlet.service(HttpServlet.java:707)
	at javax.servlet.http.HttpServlet.service(HttpServlet.java:790)
	at io.undertow.servlet.handlers.ServletHandler.handleRequest(ServletHandler.java:85)
	at io.undertow.servlet.handlers.security.ServletSecurityRoleHandler.handleRequest(ServletSecurityRoleHandler.java:61)
	at io.undertow.servlet.handlers.ServletDispatchingHandler.handleRequest(ServletDispatchingHandler.java:36)
	at org.wildfly.extension.undertow.security.SecurityContextAssociationHandler.handleRequest(SecurityContextAssociationHandler.java:78)
	at io.undertow.server.handlers.PredicateHandler.handleRequest(PredicateHandler.java:25)
	at io.undertow.servlet.handlers.security.SSLInformationAssociationHandler.handleRequest(SSLInformationAssociationHandler.java:113)
	at io.undertow.servlet.handlers.security.ServletAuthenticationCallHandler.handleRequest(ServletAuthenticationCallHandler.java:56)
	at io.undertow.server.handlers.PredicateHandler.handleRequest(PredicateHandler.java:25)
	at io.undertow.security.handlers.AbstractConfidentialityHandler.handleRequest(AbstractConfidentialityHandler.java:45)
	at io.undertow.servlet.handlers.security.ServletConfidentialityConstraintHandler.handleRequest(ServletConfidentialityConstraintHandler.java:61)
	at io.undertow.security.handlers.AuthenticationMechanismsHandler.handleRequest(AuthenticationMechanismsHandler.java:58)
	at io.undertow.servlet.handlers.security.CachedAuthenticatedSessionHandler.handleRequest(CachedAuthenticatedSessionHandler.java:70)
	at io.undertow.security.handlers.SecurityInitialHandler.handleRequest(SecurityInitialHandler.java:76)
	at io.undertow.server.handlers.PredicateHandler.handleRequest(PredicateHandler.java:25)
	at org.wildfly.extension.undertow.security.jacc.JACCContextIdHandler.handleRequest(JACCContextIdHandler.java:61)
	at io.undertow.server.handlers.PredicateHandler.handleRequest(PredicateHandler.java:25)
	at io.undertow.server.handlers.PredicateHandler.handleRequest(PredicateHandler.java:25)
	at io.undertow.servlet.handlers.ServletInitialHandler.handleFirstRequest(ServletInitialHandler.java:240)
	at io.undertow.servlet.handlers.ServletInitialHandler.dispatchRequest(ServletInitialHandler.java:227)
	at io.undertow.servlet.handlers.ServletInitialHandler.access$000(ServletInitialHandler.java:73)
	at io.undertow.servlet.handlers.ServletInitialHandler$1.handleRequest(ServletInitialHandler.java:146)
	at io.undertow.server.Connectors.executeRootHandler(Connectors.java:177)
	at io.undertow.server.HttpServerExchange$1.run(HttpServerExchange.java:727)
	at java.util.concurrent.ThreadPoolExecutor.runWorker(ThreadPoolExecutor.java:1142)
	at java.util.concurrent.ThreadPoolExecutor$Worker.run(ThreadPoolExecutor.java:617)
	at java.lang.Thread.run(Thread.java:745)
Caused by: org.openrdf.rio.RDFParseException: Namespace prefix 'abc' used but not defined [line 7]
	at org.openrdf.rio.helpers.RDFParserHelper.reportFatalError(RDFParserHelper.java:441)
	at org.openrdf.rio.helpers.RDFParserBase.reportFatalError(RDFParserBase.java:671)
	at org.openrdf.rio.turtle.TurtleParser.reportFatalError(TurtleParser.java:1306)
	at org.openrdf.rio.helpers.RDFParserBase.getNamespace(RDFParserBase.java:356)
	at org.openrdf.rio.turtle.TurtleParser.parseQNameOrBoolean(TurtleParser.java:1037)
	at org.openrdf.rio.turtle.TurtleParser.parseValue(TurtleParser.java:618)
	at org.openrdf.rio.turtle.TurtleParser.parseSubject(TurtleParser.java:449)
	at org.openrdf.rio.turtle.TurtleParser.parseTriples(TurtleParser.java:383)
	at org.openrdf.repository.sail.helpers.SPARQLUpdateDataBlockParser.parseGraph(SPARQLUpdateDataBlockParser.java:166)
	at org.openrdf.rio.trig.TriGParser.parseStatement(TriGParser.java:119)
	at org.openrdf.rio.turtle.TurtleParser.parse(TurtleParser.java:216)
	at org.openrdf.rio.turtle.TurtleParser.parse(TurtleParser.java:159)
	at org.openrdf.repository.sail.helpers.SailUpdateExecutor.executeInsertData(SailUpdateExecutor.java:374)
	... 38 common frames omitted
[ERROR] 2015-01-15 17:34:10,016 [repositories/books] Error while handling request (500): org.openrdf.query.UpdateExecutionException: org.openrdf.sail.SailException: org.openrdf.rio.RDFParseException: Namespace prefix 'abc' used but not defined [line 7]
[WARN ] 2015-01-15 17:34:10,018 [repositories/books] Rolling back transaction due to connection close
java.lang.Throwable: null
	at org.openrdf.sail.helpers.SailConnectionBase.close(SailConnectionBase.java:245)
	at org.openrdf.sail.helpers.SailConnectionWrapper.close(SailConnectionWrapper.java:88)
	at org.openrdf.repository.sail.SailRepositoryConnection.close(SailRepositoryConnection.java:129)
	at org.openrdf.http.server.repository.RepositoryInterceptor.cleanUpResources(RepositoryInterceptor.java:157)
	at org.openrdf.http.server.ServerInterceptor.afterCompletion(ServerInterceptor.java:55)
	at org.openrdf.http.server.ServerInterceptor$$FastClassByCGLIB$$966e62ef.invoke(<generated>)
	at net.sf.cglib.proxy.MethodProxy.invoke(MethodProxy.java:191)
	at org.springframework.aop.framework.Cglib2AopProxy$CglibMethodInvocation.invokeJoinpoint(Cglib2AopProxy.java:700)
	at org.springframework.aop.framework.ReflectiveMethodInvocation.proceed(ReflectiveMethodInvocation.java:149)
	at org.springframework.aop.support.DelegatingIntroductionInterceptor.doProceed(DelegatingIntroductionInterceptor.java:131)
	at org.springframework.aop.support.DelegatingIntroductionInterceptor.invoke(DelegatingIntroductionInterceptor.java:119)
	at org.springframework.aop.framework.ReflectiveMethodInvocation.proceed(ReflectiveMethodInvocation.java:171)
	at org.springframework.aop.framework.Cglib2AopProxy$DynamicAdvisedInterceptor.intercept(Cglib2AopProxy.java:635)
	at org.openrdf.http.server.repository.RepositoryInterceptor$$EnhancerByCGLIB$$2dff3b1c.afterCompletion(<generated>)
	at org.springframework.web.servlet.DispatcherServlet.triggerAfterCompletion(DispatcherServlet.java:1244)
	at org.springframework.web.servlet.DispatcherServlet.doDispatch(DispatcherServlet.java:915)
	at org.springframework.web.servlet.DispatcherServlet.doService(DispatcherServlet.java:807)
	at org.springframework.web.servlet.FrameworkServlet.processRequest(FrameworkServlet.java:571)
	at org.springframework.web.servlet.FrameworkServlet.doPost(FrameworkServlet.java:511)
	at javax.servlet.http.HttpServlet.service(HttpServlet.java:707)
	at javax.servlet.http.HttpServlet.service(HttpServlet.java:790)
	at io.undertow.servlet.handlers.ServletHandler.handleRequest(ServletHandler.java:85)
	at io.undertow.servlet.handlers.security.ServletSecurityRoleHandler.handleRequest(ServletSecurityRoleHandler.java:61)
	at io.undertow.servlet.handlers.ServletDispatchingHandler.handleRequest(ServletDispatchingHandler.java:36)
	at org.wildfly.extension.undertow.security.SecurityContextAssociationHandler.handleRequest(SecurityContextAssociationHandler.java:78)
	at io.undertow.server.handlers.PredicateHandler.handleRequest(PredicateHandler.java:25)
	at io.undertow.servlet.handlers.security.SSLInformationAssociationHandler.handleRequest(SSLInformationAssociationHandler.java:113)
	at io.undertow.servlet.handlers.security.ServletAuthenticationCallHandler.handleRequest(ServletAuthenticationCallHandler.java:56)
	at io.undertow.server.handlers.PredicateHandler.handleRequest(PredicateHandler.java:25)
	at io.undertow.security.handlers.AbstractConfidentialityHandler.handleRequest(AbstractConfidentialityHandler.java:45)
	at io.undertow.servlet.handlers.security.ServletConfidentialityConstraintHandler.handleRequest(ServletConfidentialityConstraintHandler.java:61)
	at io.undertow.security.handlers.AuthenticationMechanismsHandler.handleRequest(AuthenticationMechanismsHandler.java:58)
	at io.undertow.servlet.handlers.security.CachedAuthenticatedSessionHandler.handleRequest(CachedAuthenticatedSessionHandler.java:70)
	at io.undertow.security.handlers.SecurityInitialHandler.handleRequest(SecurityInitialHandler.java:76)
	at io.undertow.server.handlers.PredicateHandler.handleRequest(PredicateHandler.java:25)
	at org.wildfly.extension.undertow.security.jacc.JACCContextIdHandler.handleRequest(JACCContextIdHandler.java:61)
	at io.undertow.server.handlers.PredicateHandler.handleRequest(PredicateHandler.java:25)
	at io.undertow.server.handlers.PredicateHandler.handleRequest(PredicateHandler.java:25)
	at io.undertow.servlet.handlers.ServletInitialHandler.handleFirstRequest(ServletInitialHandler.java:240)
	at io.undertow.servlet.handlers.ServletInitialHandler.dispatchRequest(ServletInitialHandler.java:227)
	at io.undertow.servlet.handlers.ServletInitialHandler.access$000(ServletInitialHandler.java:73)
	at io.undertow.servlet.handlers.ServletInitialHandler$1.handleRequest(ServletInitialHandler.java:146)
	at io.undertow.server.Connectors.executeRootHandler(Connectors.java:177)
	at io.undertow.server.HttpServerExchange$1.run(HttpServerExchange.java:727)
	at java.util.concurrent.ThreadPoolExecutor.runWorker(ThreadPoolExecutor.java:1142)
	at java.util.concurrent.ThreadPoolExecutor$Worker.run(ThreadPoolExecutor.java:617)
	at java.lang.Thread.run(Thread.java:745)
[INFO ] 2015-01-15 17:34:10,175 [repositories/SYSTEM] GET statements
[INFO ] 2015-01-15 17:34:10,218 [repositories/books] GET namespace list
[INFO ] 2015-01-15 17:34:10,218 [repositories/books] Request for query 3392903 is finished
[INFO ] 2015-01-15 17:34:49,255 [repositories/books] POST SPARQL update request to repository
[INFO ] 2015-01-15 17:34:49,257 [repositories/books] Client sent bad request (400): MALFORMED QUERY: Encountered " "<" "< "" at line 1, column 13.
Was expecting:
    <Q_IRI_REF> ...
    
[INFO ] 2015-01-15 17:34:49,465 [repositories/SYSTEM] GET statements
[INFO ] 2015-01-15 17:34:49,521 [repositories/books] GET namespace list
[INFO ] 2015-01-15 17:34:49,522 [repositories/books] Request for query 3392903 is finished
[INFO ] 2015-01-15 17:35:41,763 [repositories/books] POST SPARQL update request to repository
[INFO ] 2015-01-15 17:35:41,805 [repositories/books] Request for query 3392903 is finished
[INFO ] 2015-01-15 17:35:41,954 [repositories/SYSTEM] GET statements
[INFO ] 2015-01-15 17:35:47,129 [repositories/books] GET namespace list
[INFO ] 2015-01-15 17:35:47,129 [repositories/books] Request for query 3392903 is finished
[INFO ] 2015-01-15 17:35:47,132 [repositories/books] GET statements
[INFO ] 2015-01-15 17:35:47,280 [repositories/SYSTEM] GET statements
[INFO ] 2015-01-15 17:36:23,654 [repositories/books] GET namespace list
[INFO ] 2015-01-15 17:36:23,655 [repositories/books] Request for query 3392903 is finished
[INFO ] 2015-01-15 17:36:23,815 [repositories/SYSTEM] GET statements
[INFO ] 2015-01-15 17:36:23,861 [repositories/books] GET namespace list
[INFO ] 2015-01-15 17:36:23,861 [repositories/books] Request for query 3392903 is finished
[INFO ] 2015-01-15 17:39:43,545 [repositories/books] GET namespace list
[INFO ] 2015-01-15 17:39:43,546 [repositories/books] Request for query 3392903 is finished
[INFO ] 2015-01-15 17:39:43,558 [repositories/books] POST query 1222706508
[INFO ] 2015-01-15 17:39:43,561 [repositories/books] Request for query 1222706508 is finished
[INFO ] 2015-01-15 17:39:43,740 [repositories/SYSTEM] GET statements
[INFO ] 2015-01-15 17:39:54,779 [repositories/books] GET namespace list
[INFO ] 2015-01-15 17:39:54,780 [repositories/books] Request for query 3392903 is finished
[INFO ] 2015-01-15 17:39:54,936 [repositories/SYSTEM] GET statements
[INFO ] 2015-01-15 17:39:54,991 [repositories/books] GET namespace list
[INFO ] 2015-01-15 17:39:54,991 [repositories/books] Request for query 3392903 is finished
[INFO ] 2015-01-15 17:41:20,703 [repositories/books] GET namespace list
[INFO ] 2015-01-15 17:41:20,704 [repositories/books] Request for query 3392903 is finished
[INFO ] 2015-01-15 17:41:20,708 [repositories/books] GET statements
[INFO ] 2015-01-15 17:41:20,711 [repositories/books] GET statements
[INFO ] 2015-01-15 17:41:20,714 [repositories/books] GET statements
[INFO ] 2015-01-15 17:41:20,718 [repositories/books] GET statements
[INFO ] 2015-01-15 17:41:20,721 [repositories/books] GET statements
[INFO ] 2015-01-15 17:41:20,724 [repositories/books] GET statements
[INFO ] 2015-01-15 17:41:20,727 [repositories/books] GET statements
[INFO ] 2015-01-15 17:41:20,731 [repositories/books] GET statements
[INFO ] 2015-01-15 17:41:20,895 [repositories/SYSTEM] GET statements
[INFO ] 2015-01-15 17:41:24,048 [repositories/books] GET namespace list
[INFO ] 2015-01-15 17:41:24,048 [repositories/books] Request for query 3392903 is finished
[INFO ] 2015-01-15 17:41:24,051 [repositories/books] GET statements
[INFO ] 2015-01-15 17:41:24,057 [repositories/books] GET statements
[INFO ] 2015-01-15 17:41:24,060 [repositories/books] GET statements
[INFO ] 2015-01-15 17:41:24,064 [repositories/books] GET statements
[INFO ] 2015-01-15 17:41:24,068 [repositories/books] GET statements
[INFO ] 2015-01-15 17:41:24,072 [repositories/books] GET statements
[INFO ] 2015-01-15 17:41:24,076 [repositories/books] GET statements
[INFO ] 2015-01-15 17:41:24,080 [repositories/books] GET statements
[INFO ] 2015-01-15 17:41:24,222 [repositories/SYSTEM] GET statements
[INFO ] 2015-01-15 17:48:14,397 [repositories/books] GET namespace list
[INFO ] 2015-01-15 17:48:14,397 [repositories/books] Request for query 3392903 is finished
[INFO ] 2015-01-15 17:48:14,400 [repositories/books] POST query -1598642565
[INFO ] 2015-01-15 17:48:14,406 [repositories/books] Request for query -1598642565 is finished
[INFO ] 2015-01-15 17:48:14,564 [repositories/SYSTEM] GET statements
[INFO ] 2015-01-15 17:48:21,442 [repositories/books] GET namespace list
[INFO ] 2015-01-15 17:48:21,443 [repositories/books] Request for query 3392903 is finished
[INFO ] 2015-01-15 17:48:21,447 [repositories/books] GET namespace for prefix rdfs
[INFO ] 2015-01-15 17:48:21,450 [repositories/books] GET statements
[INFO ] 2015-01-15 17:48:21,454 [repositories/books] GET statements
[INFO ] 2015-01-15 17:48:21,457 [repositories/books] GET statements
[INFO ] 2015-01-15 17:48:21,461 [repositories/books] GET statements
[INFO ] 2015-01-15 17:48:21,465 [repositories/books] GET statements
[INFO ] 2015-01-15 17:48:21,470 [repositories/books] GET statements
[INFO ] 2015-01-15 17:48:21,473 [repositories/books] GET statements
[INFO ] 2015-01-15 17:48:21,490 [repositories/books] GET statements
[INFO ] 2015-01-15 17:48:21,646 [repositories/SYSTEM] GET statements
[INFO ] 2015-01-15 17:48:28,327 [repositories/books] GET namespace list
[INFO ] 2015-01-15 17:48:28,328 [repositories/books] Request for query 3392903 is finished
[INFO ] 2015-01-15 17:48:28,330 [repositories/books] GET namespace for prefix rdf
[INFO ] 2015-01-15 17:48:28,332 [repositories/books] GET statements
[INFO ] 2015-01-15 17:48:28,336 [repositories/books] GET statements
[INFO ] 2015-01-15 17:48:28,339 [repositories/books] GET statements
[INFO ] 2015-01-15 17:48:28,343 [repositories/books] GET statements
[INFO ] 2015-01-15 17:48:28,346 [repositories/books] GET statements
[INFO ] 2015-01-15 17:48:28,349 [repositories/books] GET statements
[INFO ] 2015-01-15 17:48:28,352 [repositories/books] GET statements
[INFO ] 2015-01-15 17:48:28,357 [repositories/books] GET statements
[INFO ] 2015-01-15 17:48:28,514 [repositories/SYSTEM] GET statements
[INFO ] 2015-01-15 18:33:55,527 [repositories/books] GET namespace list
[INFO ] 2015-01-15 18:33:55,528 [repositories/books] Request for query 3392903 is finished
[INFO ] 2015-01-15 18:33:55,698 [repositories/SYSTEM] GET statements
[INFO ] 2015-01-15 18:33:55,751 [repositories/books] GET namespace list
[INFO ] 2015-01-15 18:33:55,752 [repositories/books] Request for query 3392903 is finished
[INFO ] 2015-01-15 18:34:01,420 [repositories/books] GET namespace list
[INFO ] 2015-01-15 18:34:01,421 [repositories/books] Request for query 3392903 is finished
[INFO ] 2015-01-15 18:34:01,426 [repositories/books] POST query 1222706508
[INFO ] 2015-01-15 18:34:01,428 [repositories/books] Request for query 1222706508 is finished
[INFO ] 2015-01-15 18:34:01,619 [repositories/SYSTEM] GET statements
[INFO ] 2015-01-15 18:34:45,297 [MSC service thread 1-5] Logback logging API implementation is configured.
[INFO ] 2015-01-15 18:35:27,254 [repositories/SYSTEM] GET statements
[INFO ] 2015-01-15 18:35:27,447 [default task-30] Request for query 3392903 is finished
[INFO ] 2015-01-15 18:35:39,630 [default task-29] Request for query 3392903 is finished
[INFO ] 2015-01-15 18:35:42,212 [repositories/SYSTEM] GET statements
[INFO ] 2015-01-15 18:35:42,246 [repositories/SYSTEM] GET statements
[INFO ] 2015-01-15 18:35:42,326 [repositories/books] DELETE request invoked for repository 'books'
[INFO ] 2015-01-15 18:35:42,332 [repositories/books] DELETE request successfully completed
[INFO ] 2015-01-15 18:35:42,373 [default task-53] Request for query 3392903 is finished
[INFO ] 2015-01-15 18:35:44,976 [default task-57] Request for query 3392903 is finished
[INFO ] 2015-01-15 18:36:07,794 [repositories/SYSTEM] GET statements
[INFO ] 2015-01-15 18:36:07,880 [repositories/SYSTEM] GET statements
[INFO ] 2015-01-15 18:36:07,890 [repositories/SYSTEM] POST transaction to repository
[INFO ] 2015-01-15 18:36:07,921 [repositories/SYSTEM] GET statements
[INFO ] 2015-01-15 18:36:07,924 [default task-14] Request for query 3392903 is finished
[INFO ] 2015-01-15 18:36:07,957 [repositories/fiteagle] Request for query 3392903 is finished
[INFO ] 2015-01-15 18:36:08,146 [repositories/SYSTEM] GET statements
[INFO ] 2015-01-15 18:40:18,875 [repositories/fiteagle] Request for query 3392903 is finished
[INFO ] 2015-01-15 18:40:19,037 [repositories/SYSTEM] GET statements
[INFO ] 2015-01-15 18:40:22,587 [repositories/fiteagle] GET namespace list
[INFO ] 2015-01-15 18:40:22,588 [repositories/fiteagle] Request for query 3392903 is finished
[INFO ] 2015-01-15 18:40:22,735 [repositories/SYSTEM] GET statements
[INFO ] 2015-01-15 18:40:23,618 [repositories/fiteagle] GET namespace list
[INFO ] 2015-01-15 18:40:23,618 [repositories/fiteagle] Request for query 3392903 is finished
[INFO ] 2015-01-15 18:40:23,623 [repositories/fiteagle] Request for query 3392903 is finished
[INFO ] 2015-01-15 18:40:23,767 [repositories/SYSTEM] GET statements
[INFO ] 2015-01-15 18:40:24,903 [repositories/fiteagle] GET namespace list
[INFO ] 2015-01-15 18:40:24,903 [repositories/fiteagle] Request for query 3392903 is finished
[INFO ] 2015-01-15 18:40:25,143 [repositories/SYSTEM] GET statements
[INFO ] 2015-01-15 18:40:27,882 [repositories/fiteagle] GET namespace list
[INFO ] 2015-01-15 18:40:27,883 [repositories/fiteagle] Request for query 3392903 is finished
[INFO ] 2015-01-15 18:40:28,024 [repositories/SYSTEM] GET statements
[INFO ] 2015-01-15 18:40:30,209 [repositories/fiteagle] GET namespace list
[INFO ] 2015-01-15 18:40:30,209 [repositories/fiteagle] Request for query 3392903 is finished
[INFO ] 2015-01-15 18:40:30,213 [repositories/fiteagle] Request for query 3392903 is finished
[INFO ] 2015-01-15 18:40:30,353 [repositories/SYSTEM] GET statements
[INFO ] 2015-01-15 18:40:33,470 [repositories/fiteagle] GET namespace list
[INFO ] 2015-01-15 18:40:33,470 [repositories/fiteagle] Request for query 3392903 is finished
[INFO ] 2015-01-15 18:40:33,477 [repositories/fiteagle] POST query -1598642565
[INFO ] 2015-01-15 18:40:33,526 [repositories/fiteagle] Request for query -1598642565 is finished
[INFO ] 2015-01-15 18:40:33,726 [repositories/SYSTEM] GET statements
[INFO ] 2015-01-15 18:40:34,486 [repositories/fiteagle] GET namespace list
[INFO ] 2015-01-15 18:40:34,487 [repositories/fiteagle] Request for query 3392903 is finished
[INFO ] 2015-01-15 18:40:34,634 [repositories/SYSTEM] GET statements
[INFO ] 2015-01-15 18:40:36,411 [repositories/fiteagle] GET namespace list
[INFO ] 2015-01-15 18:40:36,411 [repositories/fiteagle] Request for query 3392903 is finished
[INFO ] 2015-01-15 18:40:36,550 [repositories/SYSTEM] GET statements
[INFO ] 2015-01-15 18:40:36,592 [repositories/fiteagle] GET namespace list
[INFO ] 2015-01-15 18:40:36,593 [repositories/fiteagle] Request for query 3392903 is finished
[INFO ] 2015-01-15 18:40:51,484 [repositories/fiteagle] GET namespace list
[INFO ] 2015-01-15 18:40:51,484 [repositories/fiteagle] Request for query 3392903 is finished
[INFO ] 2015-01-15 18:40:51,491 [repositories/fiteagle] POST query 1222706508
[INFO ] 2015-01-15 18:40:51,494 [repositories/fiteagle] Request for query 1222706508 is finished
[INFO ] 2015-01-15 18:40:51,672 [repositories/SYSTEM] GET statements
[INFO ] 2015-01-15 18:42:00,130 [repositories/SYSTEM] GET statements
[INFO ] 2015-01-15 18:42:00,177 [repositories/fiteagle] GET namespace list
[INFO ] 2015-01-15 18:42:00,178 [repositories/fiteagle] Request for query 3392903 is finished
[INFO ] 2015-01-15 18:42:27,775 [repositories/fiteagle] POST SPARQL update request to repository
[INFO ] 2015-01-15 18:42:27,842 [repositories/fiteagle] Request for query 3392903 is finished
[INFO ] 2015-01-15 18:42:28,029 [repositories/SYSTEM] GET statements
[INFO ] 2015-01-15 18:42:30,280 [repositories/fiteagle] Request for query 3392903 is finished
[INFO ] 2015-01-15 18:42:30,421 [repositories/SYSTEM] GET statements
[INFO ] 2015-01-15 18:42:31,886 [repositories/fiteagle] GET namespace list
[INFO ] 2015-01-15 18:42:31,887 [repositories/fiteagle] Request for query 3392903 is finished
[INFO ] 2015-01-15 18:42:32,035 [repositories/SYSTEM] GET statements
[INFO ] 2015-01-15 18:42:39,819 [repositories/fiteagle] GET namespace list
[INFO ] 2015-01-15 18:42:39,820 [repositories/fiteagle] Request for query 3392903 is finished
[INFO ] 2015-01-15 18:42:39,824 [repositories/fiteagle] Request for query 3392903 is finished
[INFO ] 2015-01-15 18:42:39,989 [repositories/SYSTEM] GET statements
[INFO ] 2015-01-15 18:42:41,147 [repositories/fiteagle] GET namespace list
[INFO ] 2015-01-15 18:42:41,148 [repositories/fiteagle] Request for query 3392903 is finished
[INFO ] 2015-01-15 18:42:41,150 [repositories/fiteagle] POST query -1598642565
[INFO ] 2015-01-15 18:42:41,151 [repositories/fiteagle] Request for query -1598642565 is finished
[INFO ] 2015-01-15 18:42:41,303 [repositories/SYSTEM] GET statements
[INFO ] 2015-01-15 18:42:42,172 [repositories/fiteagle] GET namespace list
[INFO ] 2015-01-15 18:42:42,172 [repositories/fiteagle] Request for query 3392903 is finished
[INFO ] 2015-01-15 18:42:42,314 [repositories/SYSTEM] GET statements
[INFO ] 2015-01-15 18:42:49,830 [repositories/fiteagle] GET namespace list
[INFO ] 2015-01-15 18:42:49,830 [repositories/fiteagle] Request for query 3392903 is finished
[INFO ] 2015-01-15 18:42:50,076 [repositories/SYSTEM] GET statements
[INFO ] 2015-01-15 18:42:53,867 [repositories/fiteagle] GET namespace list
[INFO ] 2015-01-15 18:42:53,868 [repositories/fiteagle] Request for query 3392903 is finished
[INFO ] 2015-01-15 18:42:54,022 [repositories/SYSTEM] GET statements
[INFO ] 2015-01-15 18:42:54,065 [repositories/fiteagle] GET namespace list
[INFO ] 2015-01-15 18:42:54,066 [repositories/fiteagle] Request for query 3392903 is finished
[INFO ] 2015-01-15 18:42:56,274 [repositories/fiteagle] GET statements
[INFO ] 2015-01-15 18:42:56,579 [repositories/SYSTEM] GET statements
[INFO ] 2015-01-15 18:42:58,000 [repositories/fiteagle] GET namespace list
[INFO ] 2015-01-15 18:42:58,001 [repositories/fiteagle] Request for query 3392903 is finished
[INFO ] 2015-01-15 18:42:58,003 [repositories/fiteagle] GET statements
[INFO ] 2015-01-15 18:42:58,314 [repositories/SYSTEM] GET statements
[INFO ] 2015-01-15 18:43:10,497 [repositories/fiteagle] GET statements
[INFO ] 2015-01-15 18:43:40,097 [repositories/SYSTEM] GET statements
[INFO ] 2015-01-15 18:43:40,151 [repositories/fiteagle] GET namespace list
[INFO ] 2015-01-15 18:43:40,152 [repositories/fiteagle] Request for query 3392903 is finished
[INFO ] 2015-01-15 18:43:48,257 [repositories/fiteagle] POST SPARQL update request to repository
[INFO ] 2015-01-15 18:43:48,296 [repositories/fiteagle] Request for query 3392903 is finished
[INFO ] 2015-01-15 18:43:48,475 [repositories/SYSTEM] GET statements
[INFO ] 2015-01-15 18:43:50,719 [repositories/fiteagle] GET namespace list
[INFO ] 2015-01-15 18:43:50,720 [repositories/fiteagle] Request for query 3392903 is finished
[INFO ] 2015-01-15 18:43:50,723 [repositories/fiteagle] GET statements
[INFO ] 2015-01-15 18:43:50,900 [repositories/SYSTEM] GET statements
[INFO ] 2015-01-15 18:44:00,061 [repositories/SYSTEM] GET statements
[INFO ] 2015-01-15 18:44:19,305 [repositories/SYSTEM] GET statements
[INFO ] 2015-01-15 18:44:19,369 [repositories/fiteagle] GET namespace list
[INFO ] 2015-01-15 18:44:19,369 [repositories/fiteagle] Request for query 3392903 is finished
[INFO ] 2015-01-15 18:44:21,511 [repositories/SYSTEM] GET statements
[INFO ] 2015-01-15 18:44:25,818 [repositories/fiteagle] Request for query 3392903 is finished
[INFO ] 2015-01-15 18:44:26,066 [repositories/SYSTEM] GET statements
[INFO ] 2015-01-15 18:44:27,686 [repositories/fiteagle] GET namespace list
[INFO ] 2015-01-15 18:44:27,687 [repositories/fiteagle] Request for query 3392903 is finished
[INFO ] 2015-01-15 18:44:27,844 [repositories/SYSTEM] GET statements
[INFO ] 2015-01-15 18:44:28,959 [repositories/fiteagle] GET namespace list
[INFO ] 2015-01-15 18:44:28,960 [repositories/fiteagle] Request for query 3392903 is finished
[INFO ] 2015-01-15 18:44:28,963 [repositories/fiteagle] Request for query 3392903 is finished
[INFO ] 2015-01-15 18:44:29,150 [repositories/SYSTEM] GET statements
[INFO ] 2015-01-15 18:44:30,230 [repositories/fiteagle] GET namespace list
[INFO ] 2015-01-15 18:44:30,230 [repositories/fiteagle] Request for query 3392903 is finished
[INFO ] 2015-01-15 18:44:30,233 [repositories/fiteagle] POST query -1598642565
[INFO ] 2015-01-15 18:44:30,234 [repositories/fiteagle] Request for query -1598642565 is finished
[INFO ] 2015-01-15 18:44:30,378 [repositories/SYSTEM] GET statements
[INFO ] 2015-01-15 18:44:31,559 [repositories/fiteagle] GET namespace list
[INFO ] 2015-01-15 18:44:31,560 [repositories/fiteagle] Request for query 3392903 is finished
[INFO ] 2015-01-15 18:44:31,710 [repositories/SYSTEM] GET statements
[INFO ] 2015-01-15 18:44:31,753 [repositories/fiteagle] GET namespace list
[INFO ] 2015-01-15 18:44:31,754 [repositories/fiteagle] Request for query 3392903 is finished
[INFO ] 2015-01-15 18:44:33,990 [repositories/fiteagle] GET statements
[INFO ] 2015-01-15 18:44:34,368 [repositories/SYSTEM] GET statements
[INFO ] 2015-01-15 18:44:35,314 [repositories/fiteagle] GET namespace list
[INFO ] 2015-01-15 18:44:35,314 [repositories/fiteagle] Request for query 3392903 is finished
[INFO ] 2015-01-15 18:44:35,317 [repositories/fiteagle] GET statements
[INFO ] 2015-01-15 18:44:35,467 [repositories/SYSTEM] GET statements
[INFO ] 2015-01-15 18:53:18,652 [default task-9] Request for query 3392903 is finished
[INFO ] 2015-01-15 18:53:18,823 [repositories/SYSTEM] GET statements
[INFO ] 2015-01-15 18:53:26,522 [repositories/fiteagle] Request for query 3392903 is finished
[INFO ] 2015-01-15 18:53:26,699 [repositories/SYSTEM] GET statements
[INFO ] 2015-01-15 18:53:40,612 [default task-28] Request for query 3392903 is finished
[INFO ] 2015-01-15 18:53:45,326 [repositories/fiteagle] Request for query 3392903 is finished
[INFO ] 2015-01-15 18:53:45,474 [repositories/SYSTEM] GET statements
[INFO ] 2015-01-15 18:53:50,047 [repositories/fiteagle] Request for query 3392903 is finished
[INFO ] 2015-01-15 18:53:50,205 [repositories/SYSTEM] GET statements
[INFO ] 2015-01-15 18:53:55,940 [repositories/fiteagle] GET namespace list
[INFO ] 2015-01-15 18:53:55,941 [repositories/fiteagle] Request for query 3392903 is finished
[INFO ] 2015-01-15 18:53:56,118 [repositories/SYSTEM] GET statements
[INFO ] 2015-01-15 18:53:58,524 [repositories/fiteagle] GET namespace list
[INFO ] 2015-01-15 18:53:58,524 [repositories/fiteagle] Request for query 3392903 is finished
[INFO ] 2015-01-15 18:53:58,527 [repositories/fiteagle] Request for query 3392903 is finished
[INFO ] 2015-01-15 18:53:58,682 [repositories/SYSTEM] GET statements
[INFO ] 2015-01-15 18:53:59,977 [repositories/fiteagle] GET namespace list
[INFO ] 2015-01-15 18:53:59,978 [repositories/fiteagle] Request for query 3392903 is finished
[INFO ] 2015-01-15 18:54:00,146 [repositories/SYSTEM] GET statements
[INFO ] 2015-01-15 18:56:17,676 [MSC service thread 1-5] Logback logging API implementation is configured.
[INFO ] 2015-01-15 19:01:54,239 [MSC service thread 1-1] Logback logging API implementation is configured.
[INFO ] 2015-01-15 19:02:03,912 [MSC service thread 1-8] Logback logging API implementation is configured.
[WARN ] 2015-01-15 19:02:04,148 [MSC service thread 1-8] java.io.FileNotFoundException: /home/home/.aduna/openrdf-sesame/repositories/SYSTEM/lock/process (Datei oder Verzeichnis nicht gefunden)
java.io.FileNotFoundException: /home/home/.aduna/openrdf-sesame/repositories/SYSTEM/lock/process (Datei oder Verzeichnis nicht gefunden)
	at java.io.FileInputStream.open(Native Method)
	at java.io.FileInputStream.<init>(FileInputStream.java:138)
	at java.io.FileReader.<init>(FileReader.java:72)
	at org.openrdf.sail.helpers.DirectoryLockManager.getLockedBy(DirectoryLockManager.java:203)
	at org.openrdf.sail.helpers.DirectoryLockManager.removeInvalidLock(DirectoryLockManager.java:178)
	at org.openrdf.sail.helpers.DirectoryLockManager.tryLock(DirectoryLockManager.java:86)
	at org.openrdf.sail.memory.MemoryStore.initializeInternal(MemoryStore.java:283)
	at org.openrdf.sail.helpers.SailBase.initialize(SailBase.java:154)
	at org.openrdf.repository.sail.SailRepository.initializeInternal(SailRepository.java:97)
	at org.openrdf.repository.base.RepositoryBase.initialize(RepositoryBase.java:37)
	at org.openrdf.repository.base.RepositoryWrapper.initialize(RepositoryWrapper.java:71)
	at org.openrdf.repository.event.base.NotifyingRepositoryWrapper.initialize(NotifyingRepositoryWrapper.java:142)
	at org.openrdf.repository.manager.SystemRepository.initialize(SystemRepository.java:81)
	at org.openrdf.repository.manager.LocalRepositoryManager.createSystemRepository(LocalRepositoryManager.java:107)
	at org.openrdf.repository.manager.LocalRepositoryManager.createSystemRepository(LocalRepositoryManager.java:62)
	at org.openrdf.repository.manager.RepositoryManager.initialize(RepositoryManager.java:115)
	at sun.reflect.NativeMethodAccessorImpl.invoke0(Native Method)
	at sun.reflect.NativeMethodAccessorImpl.invoke(NativeMethodAccessorImpl.java:62)
	at sun.reflect.DelegatingMethodAccessorImpl.invoke(DelegatingMethodAccessorImpl.java:43)
	at java.lang.reflect.Method.invoke(Method.java:483)
	at org.springframework.beans.factory.support.AbstractAutowireCapableBeanFactory.invokeCustomInitMethod(AbstractAutowireCapableBeanFactory.java:1414)
	at org.springframework.beans.factory.support.AbstractAutowireCapableBeanFactory.invokeInitMethods(AbstractAutowireCapableBeanFactory.java:1375)
	at org.springframework.beans.factory.support.AbstractAutowireCapableBeanFactory.initializeBean(AbstractAutowireCapableBeanFactory.java:1335)
	at org.springframework.beans.factory.support.AbstractAutowireCapableBeanFactory.doCreateBean(AbstractAutowireCapableBeanFactory.java:473)
	at org.springframework.beans.factory.support.AbstractAutowireCapableBeanFactory$1.run(AbstractAutowireCapableBeanFactory.java:409)
	at java.security.AccessController.doPrivileged(Native Method)
	at org.springframework.beans.factory.support.AbstractAutowireCapableBeanFactory.createBean(AbstractAutowireCapableBeanFactory.java:380)
	at org.springframework.beans.factory.support.AbstractBeanFactory$1.getObject(AbstractBeanFactory.java:264)
	at org.springframework.beans.factory.support.DefaultSingletonBeanRegistry.getSingleton(DefaultSingletonBeanRegistry.java:222)
	at org.springframework.beans.factory.support.AbstractBeanFactory.doGetBean(AbstractBeanFactory.java:261)
	at org.springframework.beans.factory.support.AbstractBeanFactory.getBean(AbstractBeanFactory.java:185)
	at org.springframework.beans.factory.support.AbstractBeanFactory.getBean(AbstractBeanFactory.java:164)
	at org.springframework.beans.factory.support.DefaultListableBeanFactory.preInstantiateSingletons(DefaultListableBeanFactory.java:429)
	at org.springframework.context.support.AbstractApplicationContext.finishBeanFactoryInitialization(AbstractApplicationContext.java:728)
	at org.springframework.context.support.AbstractApplicationContext.refresh(AbstractApplicationContext.java:380)
	at org.springframework.web.servlet.FrameworkServlet.createWebApplicationContext(FrameworkServlet.java:402)
	at org.springframework.web.servlet.FrameworkServlet.initWebApplicationContext(FrameworkServlet.java:316)
	at org.springframework.web.servlet.FrameworkServlet.initServletBean(FrameworkServlet.java:282)
	at org.springframework.web.servlet.HttpServletBean.init(HttpServletBean.java:126)
	at javax.servlet.GenericServlet.init(GenericServlet.java:244)
	at io.undertow.servlet.core.ManagedServlet$DefaultInstanceStrategy.start(ManagedServlet.java:214)
	at io.undertow.servlet.core.ManagedServlet.createServlet(ManagedServlet.java:119)
	at io.undertow.servlet.core.DeploymentManagerImpl.start(DeploymentManagerImpl.java:505)
	at org.wildfly.extension.undertow.deployment.UndertowDeploymentService.startContext(UndertowDeploymentService.java:88)
	at org.wildfly.extension.undertow.deployment.UndertowDeploymentService.start(UndertowDeploymentService.java:72)
	at org.jboss.msc.service.ServiceControllerImpl$StartTask.startService(ServiceControllerImpl.java:1948)
	at org.jboss.msc.service.ServiceControllerImpl$StartTask.run(ServiceControllerImpl.java:1881)
	at java.util.concurrent.ThreadPoolExecutor.runWorker(ThreadPoolExecutor.java:1142)
	at java.util.concurrent.ThreadPoolExecutor$Worker.run(ThreadPoolExecutor.java:617)
	at java.lang.Thread.run(Thread.java:745)
[WARN ] 2015-01-15 19:02:04,149 [MSC service thread 1-8] Removing invalid lock null
[INFO ] 2015-01-15 19:02:38,227 [repositories/SYSTEM] GET statements
[INFO ] 2015-01-15 19:02:38,617 [default task-8] Request for query 3392903 is finished
[INFO ] 2015-01-15 19:02:43,000 [repositories/SYSTEM] GET statements
[INFO ] 2015-01-15 19:02:43,008 [default task-14] Request for query 3392903 is finished
[INFO ] 2015-01-15 19:02:43,113 [repositories/fiteagle] Request for query 3392903 is finished
[INFO ] 2015-01-15 19:02:43,299 [repositories/SYSTEM] GET statements
[INFO ] 2015-01-15 19:09:36,549 [repositories/SYSTEM] GET statements
[INFO ] 2015-01-15 19:09:46,228 [default task-36] Request for query 3392903 is finished
[INFO ] 2015-01-15 19:09:47,891 [repositories/fiteagle] Request for query 3392903 is finished
[INFO ] 2015-01-15 19:09:48,043 [repositories/SYSTEM] GET statements
[INFO ] 2015-01-15 19:09:50,287 [repositories/fiteagle] GET namespace list
[INFO ] 2015-01-15 19:09:50,290 [repositories/fiteagle] Request for query 3392903 is finished
[INFO ] 2015-01-15 19:09:50,434 [repositories/SYSTEM] GET statements
[INFO ] 2015-01-15 19:09:50,495 [repositories/fiteagle] GET namespace list
[INFO ] 2015-01-15 19:09:50,499 [repositories/fiteagle] Request for query 3392903 is finished
[INFO ] 2015-01-15 19:09:56,557 [repositories/fiteagle] GET namespace list
[INFO ] 2015-01-15 19:09:56,557 [repositories/fiteagle] Request for query 3392903 is finished
[INFO ] 2015-01-15 19:09:56,583 [repositories/fiteagle] POST query 2047214309
[INFO ] 2015-01-15 19:09:56,626 [repositories/fiteagle] Request for query 2047214309 is finished
[INFO ] 2015-01-15 19:09:56,846 [repositories/SYSTEM] GET statements
[INFO ] 2015-01-15 19:10:09,738 [repositories/fiteagle] GET namespace list
[INFO ] 2015-01-15 19:10:09,738 [repositories/fiteagle] Request for query 3392903 is finished
[INFO ] 2015-01-15 19:10:10,024 [repositories/SYSTEM] GET statements
[INFO ] 2015-01-15 19:10:10,066 [repositories/fiteagle] GET namespace list
[INFO ] 2015-01-15 19:10:10,066 [repositories/fiteagle] Request for query 3392903 is finished
[INFO ] 2015-01-15 19:22:20,969 [repositories/fiteagle] GET namespace list
[INFO ] 2015-01-15 19:22:20,970 [repositories/fiteagle] Request for query 3392903 is finished
[INFO ] 2015-01-15 19:22:20,975 [repositories/fiteagle] POST query 2047214309
[INFO ] 2015-01-15 19:22:20,976 [repositories/fiteagle] Request for query 2047214309 is finished
[INFO ] 2015-01-15 19:22:21,157 [repositories/SYSTEM] GET statements
[INFO ] 2015-01-15 19:22:26,044 [repositories/fiteagle] GET namespace list
[INFO ] 2015-01-15 19:22:26,046 [repositories/fiteagle] Request for query 3392903 is finished
[INFO ] 2015-01-15 19:22:26,051 [repositories/fiteagle] POST query 2047214309
[INFO ] 2015-01-15 19:22:26,052 [repositories/fiteagle] Request for query 2047214309 is finished
[INFO ] 2015-01-15 19:23:02,682 [repositories/fiteagle] GET namespace list
[INFO ] 2015-01-15 19:23:02,683 [repositories/fiteagle] Request for query 3392903 is finished
[INFO ] 2015-01-15 19:23:02,687 [repositories/fiteagle] POST query 2047214309
[INFO ] 2015-01-15 19:23:02,688 [repositories/fiteagle] Request for query 2047214309 is finished
[INFO ] 2015-01-15 19:23:14,277 [repositories/fiteagle] GET namespace list
[INFO ] 2015-01-15 19:23:14,278 [repositories/fiteagle] Request for query 3392903 is finished
[INFO ] 2015-01-15 19:23:14,283 [repositories/fiteagle] POST query 2047214309
[INFO ] 2015-01-15 19:23:14,284 [repositories/fiteagle] Request for query 2047214309 is finished
[INFO ] 2015-01-15 19:24:19,890 [repositories/fiteagle] Request for query 3392903 is finished
[INFO ] 2015-01-15 19:24:20,161 [repositories/SYSTEM] GET statements
[INFO ] 2015-01-15 19:32:32,452 [repositories/fiteagle] GET namespace list
[INFO ] 2015-01-15 19:32:32,453 [repositories/fiteagle] Request for query 3392903 is finished
[INFO ] 2015-01-15 19:32:32,623 [repositories/SYSTEM] GET statements
[INFO ] 2015-01-15 19:32:32,674 [repositories/fiteagle] GET namespace list
[INFO ] 2015-01-15 19:32:32,675 [repositories/fiteagle] Request for query 3392903 is finished
[INFO ] 2015-01-15 19:32:35,592 [repositories/fiteagle] GET namespace list
[INFO ] 2015-01-15 19:32:35,592 [repositories/fiteagle] Request for query 3392903 is finished
[INFO ] 2015-01-15 19:32:35,597 [repositories/fiteagle] POST query 2047214309
[INFO ] 2015-01-15 19:32:35,599 [repositories/fiteagle] Request for query 2047214309 is finished
[INFO ] 2015-01-15 19:32:35,770 [repositories/SYSTEM] GET statements
[INFO ] 2015-01-15 19:34:15,482 [repositories/fiteagle] GET namespace list
[INFO ] 2015-01-15 19:34:15,483 [repositories/fiteagle] Request for query 3392903 is finished
[INFO ] 2015-01-15 19:34:15,487 [repositories/fiteagle] POST query 466162361
[INFO ] 2015-01-15 19:34:15,488 [repositories/fiteagle] Request for query 466162361 is finished
[INFO ] 2015-01-15 19:34:15,596 [repositories/fiteagle] GET namespace list
[INFO ] 2015-01-15 19:34:15,597 [repositories/fiteagle] Request for query 3392903 is finished
[INFO ] 2015-01-15 19:34:15,600 [repositories/fiteagle] POST query 466162361
[INFO ] 2015-01-15 19:34:15,602 [repositories/fiteagle] Request for query 466162361 is finished
[INFO ] 2015-01-15 19:34:22,654 [repositories/fiteagle] GET namespace list
[INFO ] 2015-01-15 19:34:22,655 [repositories/fiteagle] Request for query 3392903 is finished
[INFO ] 2015-01-15 19:34:22,663 [repositories/fiteagle] POST query 1954702913
[INFO ] 2015-01-15 19:34:22,665 [repositories/fiteagle] Request for query 1954702913 is finished
[INFO ] 2015-01-15 19:34:23,065 [repositories/fiteagle] GET namespace list
[INFO ] 2015-01-15 19:34:23,066 [repositories/fiteagle] Request for query 3392903 is finished
[INFO ] 2015-01-15 19:34:23,078 [repositories/fiteagle] POST query 1954702913
[INFO ] 2015-01-15 19:34:23,107 [repositories/fiteagle] Request for query 1954702913 is finished
[INFO ] 2015-01-15 19:37:44,642 [repositories/SYSTEM] GET statements
[INFO ] 2015-01-15 19:37:44,705 [repositories/fiteagle] GET namespace list
[INFO ] 2015-01-15 19:37:44,705 [repositories/fiteagle] Request for query 3392903 is finished
[INFO ] 2015-01-15 19:42:01,337 [repositories/fiteagle] GET namespace list
[INFO ] 2015-01-15 19:42:01,338 [repositories/fiteagle] Request for query 3392903 is finished
[INFO ] 2015-01-15 19:42:01,341 [repositories/fiteagle] POST query 466162361
[INFO ] 2015-01-15 19:42:01,342 [repositories/fiteagle] Request for query 466162361 is finished
[INFO ] 2015-01-15 19:42:01,420 [repositories/fiteagle] GET namespace list
[INFO ] 2015-01-15 19:42:01,421 [repositories/fiteagle] Request for query 3392903 is finished
[INFO ] 2015-01-15 19:42:01,426 [repositories/fiteagle] POST query 466162361
[INFO ] 2015-01-15 19:42:01,427 [repositories/fiteagle] Request for query 466162361 is finished
[INFO ] 2015-01-15 19:42:07,876 [repositories/fiteagle] GET namespace list
[INFO ] 2015-01-15 19:42:07,877 [repositories/fiteagle] Request for query 3392903 is finished
[INFO ] 2015-01-15 19:42:07,880 [repositories/fiteagle] POST query 1954702913
[INFO ] 2015-01-15 19:42:07,881 [repositories/fiteagle] Request for query 1954702913 is finished
[INFO ] 2015-01-15 19:42:08,010 [repositories/fiteagle] GET namespace list
[INFO ] 2015-01-15 19:42:08,010 [repositories/fiteagle] Request for query 3392903 is finished
[INFO ] 2015-01-15 19:42:08,014 [repositories/fiteagle] POST query 1954702913
[INFO ] 2015-01-15 19:42:08,016 [repositories/fiteagle] Request for query 1954702913 is finished
[INFO ] 2015-01-15 19:42:43,325 [repositories/fiteagle] GET namespace list
[INFO ] 2015-01-15 19:42:43,326 [repositories/fiteagle] Request for query 3392903 is finished
[INFO ] 2015-01-15 19:42:43,329 [repositories/fiteagle] POST query 466162361
[INFO ] 2015-01-15 19:42:43,330 [repositories/fiteagle] Request for query 466162361 is finished
[INFO ] 2015-01-15 19:42:43,464 [repositories/fiteagle] GET namespace list
[INFO ] 2015-01-15 19:42:43,464 [repositories/fiteagle] Request for query 3392903 is finished
[INFO ] 2015-01-15 19:42:43,469 [repositories/fiteagle] POST query 466162361
[INFO ] 2015-01-15 19:42:43,470 [repositories/fiteagle] Request for query 466162361 is finished
[INFO ] 2015-01-15 19:42:49,908 [repositories/fiteagle] GET namespace list
[INFO ] 2015-01-15 19:42:49,909 [repositories/fiteagle] Request for query 3392903 is finished
[INFO ] 2015-01-15 19:42:49,913 [repositories/fiteagle] POST query 1954702913
[INFO ] 2015-01-15 19:42:49,914 [repositories/fiteagle] Request for query 1954702913 is finished
[INFO ] 2015-01-15 19:42:50,055 [repositories/fiteagle] GET namespace list
[INFO ] 2015-01-15 19:42:50,056 [repositories/fiteagle] Request for query 3392903 is finished
[INFO ] 2015-01-15 19:42:50,059 [repositories/fiteagle] POST query 1954702913
[INFO ] 2015-01-15 19:42:50,060 [repositories/fiteagle] Request for query 1954702913 is finished
[INFO ] 2015-01-15 19:43:58,776 [repositories/SYSTEM] GET statements
[INFO ] 2015-01-15 19:43:58,844 [repositories/fiteagle] GET namespace list
[INFO ] 2015-01-15 19:43:58,845 [repositories/fiteagle] Request for query 3392903 is finished
[INFO ] 2015-01-15 19:45:37,002 [repositories/fiteagle] GET namespace list
[INFO ] 2015-01-15 19:45:37,002 [repositories/fiteagle] Request for query 3392903 is finished
[INFO ] 2015-01-15 19:45:37,006 [repositories/fiteagle] POST query 466162361
[INFO ] 2015-01-15 19:45:37,007 [repositories/fiteagle] Request for query 466162361 is finished
[INFO ] 2015-01-15 19:45:37,147 [repositories/fiteagle] POST SPARQL update request to repository
[INFO ] 2015-01-15 19:45:37,177 [repositories/fiteagle] GET namespace list
[INFO ] 2015-01-15 19:45:37,178 [repositories/fiteagle] Request for query 3392903 is finished
[INFO ] 2015-01-15 19:45:37,182 [repositories/fiteagle] POST query 466162361
[INFO ] 2015-01-15 19:45:37,183 [repositories/fiteagle] Request for query 466162361 is finished
[INFO ] 2015-01-15 19:45:37,199 [repositories/fiteagle] POST SPARQL update request to repository
[INFO ] 2015-01-15 19:45:44,401 [repositories/fiteagle] GET namespace list
[INFO ] 2015-01-15 19:45:44,401 [repositories/fiteagle] Request for query 3392903 is finished
[INFO ] 2015-01-15 19:45:44,406 [repositories/fiteagle] POST query 1954702913
[INFO ] 2015-01-15 19:45:44,408 [repositories/fiteagle] Request for query 1954702913 is finished
[INFO ] 2015-01-15 19:45:44,646 [repositories/fiteagle] POST SPARQL update request to repository
[INFO ] 2015-01-15 19:45:44,672 [repositories/fiteagle] GET namespace list
[INFO ] 2015-01-15 19:45:44,672 [repositories/fiteagle] Request for query 3392903 is finished
[INFO ] 2015-01-15 19:45:44,676 [repositories/fiteagle] POST query 1954702913
[INFO ] 2015-01-15 19:45:44,677 [repositories/fiteagle] Request for query 1954702913 is finished
[INFO ] 2015-01-15 19:45:44,710 [repositories/fiteagle] POST SPARQL update request to repository
[INFO ] 2015-01-15 19:45:52,135 [repositories/fiteagle] GET namespace list
[INFO ] 2015-01-15 19:45:52,135 [repositories/fiteagle] Request for query 3392903 is finished
[INFO ] 2015-01-15 19:45:52,138 [repositories/fiteagle] GET statements
[INFO ] 2015-01-15 19:45:52,307 [repositories/SYSTEM] GET statements
[INFO ] 2015-01-15 19:45:57,240 [repositories/fiteagle] GET namespace list
[INFO ] 2015-01-15 19:45:57,241 [repositories/fiteagle] Request for query 3392903 is finished
[INFO ] 2015-01-15 19:45:57,383 [repositories/SYSTEM] GET statements
[INFO ] 2015-01-15 19:45:59,251 [repositories/fiteagle] GET namespace list
[INFO ] 2015-01-15 19:45:59,251 [repositories/fiteagle] Request for query 3392903 is finished
[INFO ] 2015-01-15 19:45:59,254 [repositories/fiteagle] POST query -1598642565
[INFO ] 2015-01-15 19:45:59,271 [repositories/fiteagle] Request for query -1598642565 is finished
[INFO ] 2015-01-15 19:45:59,414 [repositories/SYSTEM] GET statements
[INFO ] 2015-01-15 19:46:01,284 [repositories/fiteagle] GET namespace list
[INFO ] 2015-01-15 19:46:01,285 [repositories/fiteagle] Request for query 3392903 is finished
[INFO ] 2015-01-15 19:46:01,288 [repositories/fiteagle] Request for query 3392903 is finished
[INFO ] 2015-01-15 19:46:01,445 [repositories/SYSTEM] GET statements
[INFO ] 2015-01-15 19:46:02,429 [repositories/fiteagle] GET namespace list
[INFO ] 2015-01-15 19:46:02,429 [repositories/fiteagle] Request for query 3392903 is finished
[INFO ] 2015-01-15 19:46:02,595 [repositories/SYSTEM] GET statements
[INFO ] 2015-01-15 19:46:03,745 [repositories/fiteagle] Request for query 3392903 is finished
[INFO ] 2015-01-15 19:46:03,885 [repositories/SYSTEM] GET statements
[INFO ] 2015-01-15 19:46:06,359 [repositories/fiteagle] Request for query 3392903 is finished
[INFO ] 2015-01-15 19:46:06,494 [repositories/SYSTEM] GET statements
[INFO ] 2015-01-15 19:46:12,302 [repositories/SYSTEM] GET statements
[INFO ] 2015-01-15 19:46:12,355 [repositories/fiteagle] GET namespace list
[INFO ] 2015-01-15 19:46:12,356 [repositories/fiteagle] Request for query 3392903 is finished
[INFO ] 2015-01-15 19:46:14,611 [repositories/fiteagle] POST SPARQL update request to repository
[INFO ] 2015-01-15 19:46:14,676 [repositories/fiteagle] Request for query 3392903 is finished
[INFO ] 2015-01-15 19:46:14,900 [repositories/SYSTEM] GET statements
[INFO ] 2015-01-15 19:46:19,840 [repositories/fiteagle] GET namespace list
[INFO ] 2015-01-15 19:46:19,841 [repositories/fiteagle] Request for query 3392903 is finished
[INFO ] 2015-01-15 19:46:19,844 [repositories/fiteagle] GET statements
[INFO ] 2015-01-15 19:46:20,003 [repositories/SYSTEM] GET statements
[INFO ] 2015-01-15 19:46:32,017 [repositories/fiteagle] GET namespace list
[INFO ] 2015-01-15 19:46:32,018 [repositories/fiteagle] Request for query 3392903 is finished
[INFO ] 2015-01-15 19:46:32,021 [repositories/fiteagle] POST query 466162361
[INFO ] 2015-01-15 19:46:32,023 [repositories/fiteagle] Request for query 466162361 is finished
[INFO ] 2015-01-15 19:46:32,139 [repositories/fiteagle] POST SPARQL update request to repository
[INFO ] 2015-01-15 19:46:32,153 [repositories/fiteagle] GET namespace list
[INFO ] 2015-01-15 19:46:32,154 [repositories/fiteagle] Request for query 3392903 is finished
[INFO ] 2015-01-15 19:46:32,157 [repositories/fiteagle] POST query 466162361
[INFO ] 2015-01-15 19:46:32,159 [repositories/fiteagle] Request for query 466162361 is finished
[INFO ] 2015-01-15 19:46:32,179 [repositories/fiteagle] POST SPARQL update request to repository
[INFO ] 2015-01-15 19:46:40,950 [repositories/fiteagle] GET namespace list
[INFO ] 2015-01-15 19:46:40,951 [repositories/fiteagle] Request for query 3392903 is finished
[INFO ] 2015-01-15 19:46:40,954 [repositories/fiteagle] POST query 1954702913
[INFO ] 2015-01-15 19:46:40,955 [repositories/fiteagle] Request for query 1954702913 is finished
[INFO ] 2015-01-15 19:46:41,214 [repositories/fiteagle] POST SPARQL update request to repository
[INFO ] 2015-01-15 19:46:41,245 [repositories/fiteagle] GET namespace list
[INFO ] 2015-01-15 19:46:41,246 [repositories/fiteagle] Request for query 3392903 is finished
[INFO ] 2015-01-15 19:46:41,250 [repositories/fiteagle] POST query 1954702913
[INFO ] 2015-01-15 19:46:41,252 [repositories/fiteagle] Request for query 1954702913 is finished
[INFO ] 2015-01-15 19:46:41,288 [repositories/fiteagle] POST SPARQL update request to repository
[INFO ] 2015-01-15 19:46:47,098 [repositories/fiteagle] Request for query 3392903 is finished
[INFO ] 2015-01-15 19:46:47,317 [repositories/SYSTEM] GET statements
[INFO ] 2015-01-15 19:46:48,430 [repositories/fiteagle] Request for query 3392903 is finished
[INFO ] 2015-01-15 19:46:48,578 [repositories/SYSTEM] GET statements
[INFO ] 2015-01-15 19:46:49,446 [repositories/fiteagle] Request for query 3392903 is finished
[INFO ] 2015-01-15 19:46:49,578 [repositories/SYSTEM] GET statements
[INFO ] 2015-01-15 19:46:51,503 [repositories/SYSTEM] GET statements
[INFO ] 2015-01-15 19:46:53,327 [repositories/SYSTEM] GET statements
[INFO ] 2015-01-15 19:46:53,385 [repositories/fiteagle] GET namespace list
[INFO ] 2015-01-15 19:46:53,386 [repositories/fiteagle] Request for query 3392903 is finished
[INFO ] 2015-01-15 19:46:58,899 [repositories/fiteagle] POST SPARQL update request to repository
[INFO ] 2015-01-15 19:46:58,928 [repositories/fiteagle] Request for query 3392903 is finished
[INFO ] 2015-01-15 19:46:59,101 [repositories/SYSTEM] GET statements
[INFO ] 2015-01-15 19:47:12,912 [repositories/fiteagle] GET namespace list
[INFO ] 2015-01-15 19:47:12,912 [repositories/fiteagle] Request for query 3392903 is finished
[INFO ] 2015-01-15 19:47:13,076 [repositories/SYSTEM] GET statements
[INFO ] 2015-01-15 19:47:15,286 [repositories/fiteagle] GET namespace list
[INFO ] 2015-01-15 19:47:15,286 [repositories/fiteagle] Request for query 3392903 is finished
[INFO ] 2015-01-15 19:47:15,289 [repositories/fiteagle] POST query -1598642565
[INFO ] 2015-01-15 19:47:15,290 [repositories/fiteagle] Request for query -1598642565 is finished
[INFO ] 2015-01-15 19:47:15,480 [repositories/SYSTEM] GET statements
[INFO ] 2015-01-15 19:47:17,300 [repositories/SYSTEM] GET statements
[INFO ] 2015-01-15 19:47:17,343 [repositories/fiteagle] GET namespace list
[INFO ] 2015-01-15 19:47:17,344 [repositories/fiteagle] Request for query 3392903 is finished
[INFO ] 2015-01-15 19:47:19,213 [repositories/fiteagle] GET namespace list
[INFO ] 2015-01-15 19:47:19,214 [repositories/fiteagle] Request for query 3392903 is finished
[INFO ] 2015-01-15 19:47:19,217 [repositories/fiteagle] GET statements
[INFO ] 2015-01-15 19:47:19,374 [repositories/SYSTEM] GET statements
[INFO ] 2015-01-15 19:47:55,409 [repositories/fiteagle] GET namespace list
[INFO ] 2015-01-15 19:47:55,410 [repositories/fiteagle] Request for query 3392903 is finished
[INFO ] 2015-01-15 19:47:55,414 [repositories/fiteagle] POST query 466162361
[INFO ] 2015-01-15 19:47:55,416 [repositories/fiteagle] Request for query 466162361 is finished
[INFO ] 2015-01-15 19:47:55,524 [repositories/fiteagle] GET namespace list
[INFO ] 2015-01-15 19:47:55,525 [repositories/fiteagle] Request for query 3392903 is finished
[INFO ] 2015-01-15 19:47:55,528 [repositories/fiteagle] POST query 466162361
[INFO ] 2015-01-15 19:47:55,529 [repositories/fiteagle] Request for query 466162361 is finished
[INFO ] 2015-01-15 19:48:01,111 [repositories/SYSTEM] GET statements
[INFO ] 2015-01-15 19:48:01,159 [repositories/fiteagle] GET namespace list
[INFO ] 2015-01-15 19:48:01,160 [repositories/fiteagle] Request for query 3392903 is finished
[INFO ] 2015-01-15 19:48:47,097 [repositories/fiteagle] GET namespace list
[INFO ] 2015-01-15 19:48:47,098 [repositories/fiteagle] Request for query 3392903 is finished
[INFO ] 2015-01-15 19:48:47,101 [repositories/fiteagle] POST query 466162361
[INFO ] 2015-01-15 19:48:47,102 [repositories/fiteagle] Request for query 466162361 is finished
[INFO ] 2015-01-15 19:48:47,241 [repositories/fiteagle] POST SPARQL update request to repository
[INFO ] 2015-01-15 19:48:47,254 [repositories/fiteagle] GET namespace list
[INFO ] 2015-01-15 19:48:47,255 [repositories/fiteagle] Request for query 3392903 is finished
[INFO ] 2015-01-15 19:48:47,258 [repositories/fiteagle] POST query 466162361
[INFO ] 2015-01-15 19:48:47,259 [repositories/fiteagle] Request for query 466162361 is finished
[INFO ] 2015-01-15 19:48:47,278 [repositories/fiteagle] POST SPARQL update request to repository
[INFO ] 2015-01-15 19:49:20,174 [repositories/fiteagle] GET namespace list
[INFO ] 2015-01-15 19:49:20,175 [repositories/fiteagle] Request for query 3392903 is finished
[INFO ] 2015-01-15 19:49:20,179 [repositories/fiteagle] POST query 1954702913
[INFO ] 2015-01-15 19:49:20,180 [repositories/fiteagle] Request for query 1954702913 is finished
[INFO ] 2015-01-15 19:49:20,487 [repositories/fiteagle] POST SPARQL update request to repository
[INFO ] 2015-01-15 19:49:20,531 [repositories/fiteagle] GET namespace list
[INFO ] 2015-01-15 19:49:20,532 [repositories/fiteagle] Request for query 3392903 is finished
[INFO ] 2015-01-15 19:49:20,535 [repositories/fiteagle] POST query 1954702913
[INFO ] 2015-01-15 19:49:20,536 [repositories/fiteagle] Request for query 1954702913 is finished
[INFO ] 2015-01-15 19:49:20,615 [repositories/fiteagle] POST SPARQL update request to repository
[INFO ] 2015-01-15 19:49:31,483 [repositories/fiteagle] Request for query 3392903 is finished
[INFO ] 2015-01-15 19:49:31,652 [repositories/SYSTEM] GET statements
[INFO ] 2015-01-15 19:49:32,428 [repositories/fiteagle] Request for query 3392903 is finished
[INFO ] 2015-01-15 19:49:32,575 [repositories/SYSTEM] GET statements
[INFO ] 2015-01-15 19:49:33,001 [repositories/fiteagle] Request for query 3392903 is finished
[INFO ] 2015-01-15 19:49:33,132 [repositories/SYSTEM] GET statements
[INFO ] 2015-01-15 19:49:33,488 [repositories/fiteagle] Request for query 3392903 is finished
[INFO ] 2015-01-15 19:49:33,650 [repositories/SYSTEM] GET statements
[INFO ] 2015-01-15 19:49:34,001 [repositories/fiteagle] Request for query 3392903 is finished
[INFO ] 2015-01-15 19:49:34,130 [repositories/SYSTEM] GET statements
[INFO ] 2015-01-15 19:50:15,800 [repositories/fiteagle] GET namespace list
[INFO ] 2015-01-15 19:50:15,801 [repositories/fiteagle] Request for query 3392903 is finished
[INFO ] 2015-01-15 19:50:15,804 [repositories/fiteagle] POST query 466162361
[INFO ] 2015-01-15 19:50:15,807 [repositories/fiteagle] Request for query 466162361 is finished
[INFO ] 2015-01-15 19:50:15,964 [repositories/fiteagle] POST SPARQL update request to repository
[INFO ] 2015-01-15 19:50:15,979 [repositories/fiteagle] GET namespace list
[INFO ] 2015-01-15 19:50:15,979 [repositories/fiteagle] Request for query 3392903 is finished
[INFO ] 2015-01-15 19:50:15,982 [repositories/fiteagle] POST query 466162361
[INFO ] 2015-01-15 19:50:15,983 [repositories/fiteagle] Request for query 466162361 is finished
[INFO ] 2015-01-15 19:50:15,999 [repositories/fiteagle] POST SPARQL update request to repository
